[debug] [2022-05-14T10:57:41.388Z] ----------------------------------------------------------------------
[debug] [2022-05-14T10:57:41.392Z] Command:       C:\Program Files\nodejs\node.exe C:\Users\ankus\AppData\Roaming\npm\node_modules\firebase-tools\lib\bin\firebase.js emulators:start
[debug] [2022-05-14T10:57:41.394Z] CLI Version:   10.8.0
[debug] [2022-05-14T10:57:41.394Z] Platform:      win32
[debug] [2022-05-14T10:57:41.394Z] Node Version:  v16.15.0
[debug] [2022-05-14T10:57:41.403Z] Time:          Sat May 14 2022 16:27:41 GMT+0530 (India Standard Time)
[debug] [2022-05-14T10:57:41.403Z] ----------------------------------------------------------------------
[debug] 
[debug] [2022-05-14T10:57:41.559Z] > command requires scopes: ["email","openid","https://www.googleapis.com/auth/cloudplatformprojects.readonly","https://www.googleapis.com/auth/firebase","https://www.googleapis.com/auth/cloud-platform"]
[debug] [2022-05-14T10:57:41.560Z] > authorizing via signed-in user (ankushbanik263@gmail.com)
[info] i  emulators: Starting emulators: functions, hosting {"metadata":{"emulator":{"name":"hub"},"message":"Starting emulators: functions, hosting"}}
[debug] [2022-05-14T10:57:41.641Z] [hub] writing locator at C:\Users\ankus\AppData\Local\Temp\hub-clone-14626.json
[warn] !  functions: The following emulators are not running, calls to these services from the Functions emulator will affect production: auth, firestore, database, pubsub, storage {"metadata":{"emulator":{"name":"functions"},"message":"The following emulators are not running, calls to these services from the Functions emulator will affect production: \u001b[1mauth, firestore, database, pubsub, storage\u001b[22m"}}
[info] +  functions: Using node@16 from host. {"metadata":{"emulator":{"name":"functions"},"message":"Using node@16 from host."}}
[debug] [2022-05-14T10:57:41.691Z] defaultcredentials: writing to file C:\Users\ankus\AppData\Roaming\firebase\ankushbanik263_gmail_com_application_default_credentials.json
[debug] [2022-05-14T10:57:41.694Z] Setting GAC to C:\Users\ankus\AppData\Roaming\firebase\ankushbanik263_gmail_com_application_default_credentials.json {"metadata":{"emulator":{"name":"functions"},"message":"Setting GAC to C:\\Users\\ankus\\AppData\\Roaming\\firebase\\ankushbanik263_gmail_com_application_default_credentials.json"}}
[debug] [2022-05-14T10:57:41.698Z] > refreshing access token with scopes: []
[debug] [2022-05-14T10:57:41.699Z] >>> HTTP REQUEST POST https://www.googleapis.com/oauth2/v3/token  
 <request body omitted>
[debug] [2022-05-14T10:57:42.083Z] <<< HTTP RESPONSE 200 {"expires":"Mon, 01 Jan 1990 00:00:00 GMT","date":"Sat, 14 May 2022 10:59:07 GMT","pragma":"no-cache","cache-control":"no-cache, no-store, max-age=0, must-revalidate","content-type":"application/json; charset=utf-8","vary":"X-Origin, Referer, Origin,Accept-Encoding","server":"scaffolding on HTTPServer2","x-xss-protection":"0","x-frame-options":"SAMEORIGIN","x-content-type-options":"nosniff","alt-svc":"h3=\":443\"; ma=2592000,h3-29=\":443\"; ma=2592000,h3-Q050=\":443\"; ma=2592000,h3-Q046=\":443\"; ma=2592000,h3-Q043=\":443\"; ma=2592000,quic=\":443\"; ma=2592000; v=\"46,43\"","accept-ranges":"none","transfer-encoding":"chunked"}
[debug] [2022-05-14T10:57:42.105Z] >>> [apiv2][query] GET https://firebase.googleapis.com/v1beta1/projects/clone-14626/adminSdkConfig [none]
[debug] [2022-05-14T10:57:43.021Z] <<< [apiv2][status] GET https://firebase.googleapis.com/v1beta1/projects/clone-14626/adminSdkConfig 200
[debug] [2022-05-14T10:57:43.022Z] <<< [apiv2][body] GET https://firebase.googleapis.com/v1beta1/projects/clone-14626/adminSdkConfig {"projectId":"clone-14626","storageBucket":"clone-14626.appspot.com"}
[debug] [2022-05-14T10:57:43.053Z] >>> [apiv2][query] GET https://firebasehosting.googleapis.com/v1beta1/projects/clone-14626/sites 
[debug] [2022-05-14T10:57:45.189Z] <<< [apiv2][status] GET https://firebasehosting.googleapis.com/v1beta1/projects/clone-14626/sites 200
[debug] [2022-05-14T10:57:45.189Z] <<< [apiv2][body] GET https://firebasehosting.googleapis.com/v1beta1/projects/clone-14626/sites {"sites":[{"name":"projects/clone-14626/sites/clone-14626","defaultUrl":"https://clone-14626.web.app","appId":"1:4371515081:web:c3ce3cc0cc89487efd2f18","type":"DEFAULT_SITE"}]}
[debug] [2022-05-14T10:57:45.189Z] >>> [apiv2][query] GET https://firebase.googleapis.com/v1beta1/projects/clone-14626/webApps/1:4371515081:web:c3ce3cc0cc89487efd2f18/config [none]
[debug] [2022-05-14T10:57:46.709Z] <<< [apiv2][status] GET https://firebase.googleapis.com/v1beta1/projects/clone-14626/webApps/1:4371515081:web:c3ce3cc0cc89487efd2f18/config 200
[debug] [2022-05-14T10:57:46.709Z] <<< [apiv2][body] GET https://firebase.googleapis.com/v1beta1/projects/clone-14626/webApps/1:4371515081:web:c3ce3cc0cc89487efd2f18/config {"projectId":"clone-14626","appId":"1:4371515081:web:c3ce3cc0cc89487efd2f18","storageBucket":"clone-14626.appspot.com","apiKey":"AIzaSyB-VxbQ9lgu31G2wPwF642C16T27dV9dhU","authDomain":"clone-14626.firebaseapp.com","messagingSenderId":"4371515081","measurementId":"G-D73HWNXCLX"}
[info] i  hosting: Serving hosting files from: build {"metadata":{"emulator":{"name":"hosting"},"message":"Serving hosting files from: \u001b[1mbuild\u001b[22m"}}
[info] +  hosting: Local server: http://localhost:5000 {"metadata":{"emulator":{"name":"hosting"},"message":"Local server: \u001b[4m\u001b[1mhttp://localhost:5000\u001b[22m\u001b[24m"}}
[warn] !  ui: Emulator UI unable to start on port 4000, starting on 4001 instead. {"metadata":{"emulator":{"name":"ui"},"message":"Emulator UI unable to start on port 4000, starting on 4001 instead."}}
[debug] [2022-05-14T10:57:46.852Z] Ignoring unsupported arg: auto_download {"metadata":{"emulator":{"name":"ui"},"message":"Ignoring unsupported arg: auto_download"}}
[debug] [2022-05-14T10:57:46.852Z] Ignoring unsupported arg: port {"metadata":{"emulator":{"name":"ui"},"message":"Ignoring unsupported arg: port"}}
[debug] [2022-05-14T10:57:46.852Z] Starting Emulator UI with command {"binary":"node","args":["C:\\Users\\ankus\\.cache\\firebase\\emulators\\ui-v1.6.6\\server.bundle.js"],"optionalArgs":[],"joinArgs":false} {"metadata":{"emulator":{"name":"ui"},"message":"Starting Emulator UI with command {\"binary\":\"node\",\"args\":[\"C:\\\\Users\\\\ankus\\\\.cache\\\\firebase\\\\emulators\\\\ui-v1.6.6\\\\server.bundle.js\"],\"optionalArgs\":[],\"joinArgs\":false}"}}
[info] i  ui: Emulator UI logging to ui-debug.log {"metadata":{"emulator":{"name":"ui"},"message":"Emulator UI logging to \u001b[1mui-debug.log\u001b[22m"}}
[debug] [2022-05-14T10:57:47.105Z] Web / API server started at localhost:4001
 {"metadata":{"emulator":{"name":"ui"},"message":"Web / API server started at localhost:4001\n"}}
[info] i  functions: Watching "C:\Users\ankus\OneDrive\Desktop\Project\Amazon-Clone\amazon-clone\functions" for Cloud Functions... {"metadata":{"emulator":{"name":"functions"},"message":"Watching \"C:\\Users\\ankus\\OneDrive\\Desktop\\Project\\Amazon-Clone\\amazon-clone\\functions\" for Cloud Functions..."}}
[debug] [2022-05-14T10:57:47.139Z] Validating nodejs source
[debug] [2022-05-14T10:57:54.779Z] > [functions] package.json contents: {
  "name": "functions",
  "description": "Cloud Functions for Firebase",
  "scripts": {
    "lint": "eslint .",
    "serve": "firebase emulators:start --only functions",
    "shell": "firebase functions:shell",
    "start": "npm run shell",
    "deploy": "firebase deploy --only functions",
    "logs": "firebase functions:log"
  },
  "engines": {
    "node": "16"
  },
  "main": "index.js",
  "dependencies": {
    "cors": "^2.8.5",
    "express": "^4.17.1",
    "firebase-admin": "^10.0.2",
    "firebase-functions": "^3.18.0",
    "stripe": "^8.94.0"
  },
  "devDependencies": {
    "eslint": "^8.9.0",
    "eslint-config-google": "^0.14.0",
    "firebase-functions-test": "^0.2.0"
  },
  "private": true
}
[debug] [2022-05-14T10:57:54.779Z] Building nodejs source
[debug] [2022-05-14T10:57:54.780Z] Analyzing nodejs backend spec
[info] +  functions[us-central1-api]: http function initialized (http://localhost:5001/clone-14626/us-central1/api). {"metadata":{"emulator":{"name":"functions"},"message":"\u001b[1mhttp\u001b[22m function initialized (http://localhost:5001/clone-14626/us-central1/api)."}}
[info] 
┌─────────────────────────────────────────────────────────────┐
│ ✔  All emulators ready! It is now safe to connect your app. │
│ i  View Emulator UI at http://localhost:4001                │
└─────────────────────────────────────────────────────────────┘

┌───────────┬────────────────┬─────────────────────────────────┐
│ Emulator  │ Host:Port      │ View in Emulator UI             │
├───────────┼────────────────┼─────────────────────────────────┤
│ Functions │ localhost:5001 │ http://localhost:4001/functions │
├───────────┼────────────────┼─────────────────────────────────┤
│ Hosting   │ localhost:5000 │ n/a                             │
└───────────┴────────────────┴─────────────────────────────────┘
  Emulator Hub running at localhost:4400
  Other reserved ports: 4500

Issues? Report them at https://github.com/firebase/firebase-tools/issues and attach the *-debug.log files.
 
[debug] [2022-05-14T10:58:40.818Z] File C:\Users\ankus\OneDrive\Desktop\Project\Amazon-Clone\amazon-clone\functions\index.js changed, reloading triggers {"metadata":{"emulator":{"name":"functions"},"message":"File C:\\Users\\ankus\\OneDrive\\Desktop\\Project\\Amazon-Clone\\amazon-clone\\functions\\index.js changed, reloading triggers"}}
[debug] [2022-05-14T10:58:41.836Z] Validating nodejs source
[debug] [2022-05-14T10:58:49.243Z] > [functions] package.json contents: {
  "name": "functions",
  "description": "Cloud Functions for Firebase",
  "scripts": {
    "lint": "eslint .",
    "serve": "firebase emulators:start --only functions",
    "shell": "firebase functions:shell",
    "start": "npm run shell",
    "deploy": "firebase deploy --only functions",
    "logs": "firebase functions:log"
  },
  "engines": {
    "node": "16"
  },
  "main": "index.js",
  "dependencies": {
    "cors": "^2.8.5",
    "express": "^4.17.1",
    "firebase-admin": "^10.0.2",
    "firebase-functions": "^3.18.0",
    "stripe": "^8.94.0"
  },
  "devDependencies": {
    "eslint": "^8.9.0",
    "eslint-config-google": "^0.14.0",
    "firebase-functions-test": "^0.2.0"
  },
  "private": true
}
[debug] [2022-05-14T10:58:49.243Z] Building nodejs source
[debug] [2022-05-14T10:58:49.243Z] Analyzing nodejs backend spec
[debug] [2022-05-14T10:59:14.303Z] File C:\Users\ankus\OneDrive\Desktop\Project\Amazon-Clone\amazon-clone\functions\index.js changed, reloading triggers {"metadata":{"emulator":{"name":"functions"},"message":"File C:\\Users\\ankus\\OneDrive\\Desktop\\Project\\Amazon-Clone\\amazon-clone\\functions\\index.js changed, reloading triggers"}}
[debug] [2022-05-14T10:59:15.308Z] Validating nodejs source
[debug] [2022-05-14T10:59:20.384Z] > [functions] package.json contents: {
  "name": "functions",
  "description": "Cloud Functions for Firebase",
  "scripts": {
    "lint": "eslint .",
    "serve": "firebase emulators:start --only functions",
    "shell": "firebase functions:shell",
    "start": "npm run shell",
    "deploy": "firebase deploy --only functions",
    "logs": "firebase functions:log"
  },
  "engines": {
    "node": "16"
  },
  "main": "index.js",
  "dependencies": {
    "cors": "^2.8.5",
    "express": "^4.17.1",
    "firebase-admin": "^10.0.2",
    "firebase-functions": "^3.18.0",
    "stripe": "^8.94.0"
  },
  "devDependencies": {
    "eslint": "^8.9.0",
    "eslint-config-google": "^0.14.0",
    "firebase-functions-test": "^0.2.0"
  },
  "private": true
}
[debug] [2022-05-14T10:59:20.385Z] Building nodejs source
[debug] [2022-05-14T10:59:20.385Z] Analyzing nodejs backend spec
[debug] [2022-05-14T10:59:40.313Z] Received signal SIGHUP 1
[debug] [2022-05-15T03:42:14.742Z] ----------------------------------------------------------------------
[debug] [2022-05-15T03:42:14.750Z] Command:       C:\Program Files\nodejs\node.exe C:\Users\ankus\AppData\Roaming\npm\node_modules\firebase-tools\lib\bin\firebase.js emulators:start
[debug] [2022-05-15T03:42:14.751Z] CLI Version:   10.8.0
[debug] [2022-05-15T03:42:14.752Z] Platform:      win32
[debug] [2022-05-15T03:42:14.752Z] Node Version:  v16.15.0
[debug] [2022-05-15T03:42:14.761Z] Time:          Sun May 15 2022 09:12:14 GMT+0530 (India Standard Time)
[debug] [2022-05-15T03:42:14.761Z] ----------------------------------------------------------------------
[debug] 
[debug] [2022-05-15T03:42:14.966Z] > command requires scopes: ["email","openid","https://www.googleapis.com/auth/cloudplatformprojects.readonly","https://www.googleapis.com/auth/firebase","https://www.googleapis.com/auth/cloud-platform"]
[debug] [2022-05-15T03:42:14.967Z] > authorizing via signed-in user (ankushbanik263@gmail.com)
[info] i  emulators: Starting emulators: functions, hosting {"metadata":{"emulator":{"name":"hub"},"message":"Starting emulators: functions, hosting"}}
[warn] !  emulators: It seems that you are running multiple instances of the emulator suite for project clone-14626. This may result in unexpected behavior. 
[debug] [2022-05-15T03:42:15.091Z] [hub] writing locator at C:\Users\ankus\AppData\Local\Temp\hub-clone-14626.json
[warn] !  functions: The following emulators are not running, calls to these services from the Functions emulator will affect production: auth, firestore, database, pubsub, storage {"metadata":{"emulator":{"name":"functions"},"message":"The following emulators are not running, calls to these services from the Functions emulator will affect production: \u001b[1mauth, firestore, database, pubsub, storage\u001b[22m"}}
[info] +  functions: Using node@16 from host. {"metadata":{"emulator":{"name":"functions"},"message":"Using node@16 from host."}}
[debug] [2022-05-15T03:42:15.183Z] defaultcredentials: writing to file C:\Users\ankus\AppData\Roaming\firebase\ankushbanik263_gmail_com_application_default_credentials.json
[debug] [2022-05-15T03:42:15.189Z] Setting GAC to C:\Users\ankus\AppData\Roaming\firebase\ankushbanik263_gmail_com_application_default_credentials.json {"metadata":{"emulator":{"name":"functions"},"message":"Setting GAC to C:\\Users\\ankus\\AppData\\Roaming\\firebase\\ankushbanik263_gmail_com_application_default_credentials.json"}}
[debug] [2022-05-15T03:42:15.194Z] > refreshing access token with scopes: []
[debug] [2022-05-15T03:42:15.197Z] >>> HTTP REQUEST POST https://www.googleapis.com/oauth2/v3/token  
 <request body omitted>
[debug] [2022-05-15T03:42:15.639Z] <<< HTTP RESPONSE 200 {"pragma":"no-cache","cache-control":"no-cache, no-store, max-age=0, must-revalidate","date":"Sun, 15 May 2022 03:43:42 GMT","expires":"Mon, 01 Jan 1990 00:00:00 GMT","content-type":"application/json; charset=utf-8","vary":"X-Origin, Referer, Origin,Accept-Encoding","server":"scaffolding on HTTPServer2","x-xss-protection":"0","x-frame-options":"SAMEORIGIN","x-content-type-options":"nosniff","alt-svc":"h3=\":443\"; ma=2592000,h3-29=\":443\"; ma=2592000,h3-Q050=\":443\"; ma=2592000,h3-Q046=\":443\"; ma=2592000,h3-Q043=\":443\"; ma=2592000,quic=\":443\"; ma=2592000; v=\"46,43\"","accept-ranges":"none","transfer-encoding":"chunked"}
[debug] [2022-05-15T03:42:15.678Z] >>> [apiv2][query] GET https://firebase.googleapis.com/v1beta1/projects/clone-14626/adminSdkConfig [none]
[debug] [2022-05-15T03:42:16.520Z] <<< [apiv2][status] GET https://firebase.googleapis.com/v1beta1/projects/clone-14626/adminSdkConfig 200
[debug] [2022-05-15T03:42:16.521Z] <<< [apiv2][body] GET https://firebase.googleapis.com/v1beta1/projects/clone-14626/adminSdkConfig {"projectId":"clone-14626","storageBucket":"clone-14626.appspot.com"}
[debug] [2022-05-15T03:42:16.553Z] >>> [apiv2][query] GET https://firebasehosting.googleapis.com/v1beta1/projects/clone-14626/sites 
[debug] [2022-05-15T03:42:18.662Z] <<< [apiv2][status] GET https://firebasehosting.googleapis.com/v1beta1/projects/clone-14626/sites 200
[debug] [2022-05-15T03:42:18.663Z] <<< [apiv2][body] GET https://firebasehosting.googleapis.com/v1beta1/projects/clone-14626/sites {"sites":[{"name":"projects/clone-14626/sites/clone-14626","defaultUrl":"https://clone-14626.web.app","appId":"1:4371515081:web:c3ce3cc0cc89487efd2f18","type":"DEFAULT_SITE"}]}
[debug] [2022-05-15T03:42:18.663Z] >>> [apiv2][query] GET https://firebase.googleapis.com/v1beta1/projects/clone-14626/webApps/1:4371515081:web:c3ce3cc0cc89487efd2f18/config [none]
[debug] [2022-05-15T03:42:20.387Z] <<< [apiv2][status] GET https://firebase.googleapis.com/v1beta1/projects/clone-14626/webApps/1:4371515081:web:c3ce3cc0cc89487efd2f18/config 200
[debug] [2022-05-15T03:42:20.388Z] <<< [apiv2][body] GET https://firebase.googleapis.com/v1beta1/projects/clone-14626/webApps/1:4371515081:web:c3ce3cc0cc89487efd2f18/config {"projectId":"clone-14626","appId":"1:4371515081:web:c3ce3cc0cc89487efd2f18","storageBucket":"clone-14626.appspot.com","apiKey":"AIzaSyB-VxbQ9lgu31G2wPwF642C16T27dV9dhU","authDomain":"clone-14626.firebaseapp.com","messagingSenderId":"4371515081","measurementId":"G-D73HWNXCLX"}
[info] i  hosting: Serving hosting files from: build {"metadata":{"emulator":{"name":"hosting"},"message":"Serving hosting files from: \u001b[1mbuild\u001b[22m"}}
[info] +  hosting: Local server: http://localhost:5000 {"metadata":{"emulator":{"name":"hosting"},"message":"Local server: \u001b[4m\u001b[1mhttp://localhost:5000\u001b[22m\u001b[24m"}}
[debug] [2022-05-15T03:42:20.509Z] Ignoring unsupported arg: auto_download {"metadata":{"emulator":{"name":"ui"},"message":"Ignoring unsupported arg: auto_download"}}
[debug] [2022-05-15T03:42:20.509Z] Ignoring unsupported arg: port {"metadata":{"emulator":{"name":"ui"},"message":"Ignoring unsupported arg: port"}}
[debug] [2022-05-15T03:42:20.510Z] Starting Emulator UI with command {"binary":"node","args":["C:\\Users\\ankus\\.cache\\firebase\\emulators\\ui-v1.6.6\\server.bundle.js"],"optionalArgs":[],"joinArgs":false} {"metadata":{"emulator":{"name":"ui"},"message":"Starting Emulator UI with command {\"binary\":\"node\",\"args\":[\"C:\\\\Users\\\\ankus\\\\.cache\\\\firebase\\\\emulators\\\\ui-v1.6.6\\\\server.bundle.js\"],\"optionalArgs\":[],\"joinArgs\":false}"}}
[info] i  ui: Emulator UI logging to ui-debug.log {"metadata":{"emulator":{"name":"ui"},"message":"Emulator UI logging to \u001b[1mui-debug.log\u001b[22m"}}
[debug] [2022-05-15T03:42:20.979Z] Web / API server started at localhost:4000
 {"metadata":{"emulator":{"name":"ui"},"message":"Web / API server started at localhost:4000\n"}}
[info] i  functions: Watching "C:\Users\ankus\OneDrive\Desktop\Project\Amazon-Clone\amazon-clone\functions" for Cloud Functions... {"metadata":{"emulator":{"name":"functions"},"message":"Watching \"C:\\Users\\ankus\\OneDrive\\Desktop\\Project\\Amazon-Clone\\amazon-clone\\functions\" for Cloud Functions..."}}
[debug] [2022-05-15T03:42:21.099Z] Validating nodejs source
[debug] [2022-05-15T03:42:30.925Z] > [functions] package.json contents: {
  "name": "functions",
  "description": "Cloud Functions for Firebase",
  "scripts": {
    "lint": "eslint .",
    "serve": "firebase emulators:start --only functions",
    "shell": "firebase functions:shell",
    "start": "npm run shell",
    "deploy": "firebase deploy --only functions",
    "logs": "firebase functions:log"
  },
  "engines": {
    "node": "16"
  },
  "main": "index.js",
  "dependencies": {
    "cors": "^2.8.5",
    "express": "^4.17.1",
    "firebase-admin": "^10.0.2",
    "firebase-functions": "^3.18.0",
    "stripe": "^8.94.0"
  },
  "devDependencies": {
    "eslint": "^8.9.0",
    "eslint-config-google": "^0.14.0",
    "firebase-functions-test": "^0.2.0"
  },
  "private": true
}
[debug] [2022-05-15T03:42:30.927Z] Building nodejs source
[debug] [2022-05-15T03:42:30.927Z] Analyzing nodejs backend spec
