[debug] [2022-05-10T04:14:58.302Z] ----------------------------------------------------------------------
[debug] [2022-05-10T04:14:58.306Z] Command:       C:\Program Files\nodejs\node.exe C:\Users\ankus\AppData\Roaming\npm\node_modules\firebase-tools\lib\bin\firebase.js deploy
[debug] [2022-05-10T04:14:58.307Z] CLI Version:   10.8.0
[debug] [2022-05-10T04:14:58.307Z] Platform:      win32
[debug] [2022-05-10T04:14:58.307Z] Node Version:  v16.15.0
[debug] [2022-05-10T04:14:58.309Z] Time:          Tue May 10 2022 09:44:58 GMT+0530 (India Standard Time)
[debug] [2022-05-10T04:14:58.310Z] ----------------------------------------------------------------------
[debug] 
[debug] [2022-05-10T04:14:58.503Z] > command requires scopes: ["email","openid","https://www.googleapis.com/auth/cloudplatformprojects.readonly","https://www.googleapis.com/auth/firebase","https://www.googleapis.com/auth/cloud-platform"]
[debug] [2022-05-10T04:14:58.504Z] > authorizing via signed-in user (ankushbanik263@gmail.com)
[debug] [2022-05-10T04:14:58.504Z] [iam] checking project clone-14626 for permissions ["firebase.projects.get","firebasehosting.sites.update"]
[debug] [2022-05-10T04:14:58.509Z] >>> [apiv2][query] POST https://cloudresourcemanager.googleapis.com/v1/projects/clone-14626:testIamPermissions [none]
[debug] [2022-05-10T04:14:58.510Z] >>> [apiv2][body] POST https://cloudresourcemanager.googleapis.com/v1/projects/clone-14626:testIamPermissions {"permissions":["firebase.projects.get","firebasehosting.sites.update"]}
[debug] [2022-05-10T04:15:00.186Z] <<< [apiv2][status] POST https://cloudresourcemanager.googleapis.com/v1/projects/clone-14626:testIamPermissions 200
[debug] [2022-05-10T04:15:00.186Z] <<< [apiv2][body] POST https://cloudresourcemanager.googleapis.com/v1/projects/clone-14626:testIamPermissions {"permissions":["firebase.projects.get","firebasehosting.sites.update"]}
[debug] [2022-05-10T04:15:00.189Z] >>> [apiv2][query] GET https://firebase.googleapis.com/v1beta1/projects/clone-14626 [none]
[debug] [2022-05-10T04:15:00.748Z] <<< [apiv2][status] GET https://firebase.googleapis.com/v1beta1/projects/clone-14626 200
[debug] [2022-05-10T04:15:00.749Z] <<< [apiv2][body] GET https://firebase.googleapis.com/v1beta1/projects/clone-14626 {"projectId":"clone-14626","projectNumber":"4371515081","displayName":"amazon-clone","name":"projects/clone-14626","resources":{"hostingSite":"clone-14626"},"state":"ACTIVE"}
[info] 
[info] === Deploying to 'clone-14626'...
[info] 
[info] i  deploying hosting 
[debug] [2022-05-10T04:15:00.757Z] >>> [apiv2][query] GET https://firebase.googleapis.com/v1beta1/projects/clone-14626 [none]
[debug] [2022-05-10T04:15:01.356Z] <<< [apiv2][status] GET https://firebase.googleapis.com/v1beta1/projects/clone-14626 200
[debug] [2022-05-10T04:15:01.356Z] <<< [apiv2][body] GET https://firebase.googleapis.com/v1beta1/projects/clone-14626 {"projectId":"clone-14626","projectNumber":"4371515081","displayName":"amazon-clone","name":"projects/clone-14626","resources":{"hostingSite":"clone-14626"},"state":"ACTIVE"}
[debug] [2022-05-10T04:15:01.361Z] >>> [apiv2][query] POST https://firebasehosting.googleapis.com/v1beta1/projects/4371515081/sites/clone-14626/versions [none]
[debug] [2022-05-10T04:15:01.362Z] >>> [apiv2][body] POST https://firebasehosting.googleapis.com/v1beta1/projects/4371515081/sites/clone-14626/versions {"config":{"rewrites":[{"glob":"**","path":"/index.html"}]},"labels":{"deployment-tool":"cli-firebase"}}
